2020-02-15 01:32:33 INFO  MainView:49 - Main view was successfully loaded and configurated.
2020-02-16 20:28:45 INFO  MainView:49 - Main view was successfully loaded and configurated.
2020-02-16 20:28:55 INFO  CreateView:30 - Create view was successfully loaded and configurated.
2020-02-16 20:28:57 INFO  GetByAgeAndPriceView:29 - View - "Get by age and price" was successfully loaded and configurated.
2020-02-16 20:29:00 INFO  GetByAgeView:30 - View - "Get by age" was successfully loaded and configurated.
2020-02-16 20:29:04 INFO  DeleteView:30 - Delete view was successfully loaded and configurated.
2020-02-16 20:29:24 INFO  GetByAgeAndPriceView:29 - View - "Get by age and price" was successfully loaded and configurated.
2020-02-16 20:29:31 INFO  GetByAgeView:30 - View - "Get by age" was successfully loaded and configurated.
2020-02-16 20:46:22 INFO  Util:20 - Oracle database driver successfully loaded.
2020-02-16 20:46:26 INFO  Util:30 - Connection to database was established
2020-02-16 20:46:29 INFO  MainView:49 - Main view was successfully loaded and configurated.
2020-02-16 20:46:51 INFO  Toy:30 - Toy was successfully created.
2020-02-16 20:46:51 INFO  Util:30 - Connection to database was established
2020-02-16 20:46:58 INFO  InfoModalView:32 - Modal view was successfully loaded and configurated.
2020-02-16 20:47:06 INFO  CreateView:30 - Create view was successfully loaded and configurated.
2020-02-16 20:47:06 INFO  Util:30 - Connection to database was established
2020-02-16 20:51:09 INFO  Util:20 - Oracle database driver successfully loaded.
2020-02-16 20:51:11 INFO  Util:30 - Connection to database was established
2020-02-16 20:51:12 INFO  MainView:49 - Main view was successfully loaded and configurated.
2020-02-16 20:51:21 INFO  Toy:30 - Toy was successfully created.
2020-02-16 20:51:21 INFO  Util:30 - Connection to database was established
2020-02-16 20:51:25 INFO  InfoModalView:32 - Modal view was successfully loaded and configurated.
2020-02-16 20:51:34 ERROR ToyUtil:36 - Amount is invalid.
2020-02-16 20:51:36 INFO  InfoModalView:32 - Modal view was successfully loaded and configurated.
2020-02-16 20:51:40 INFO  CreateView:30 - Create view was successfully loaded and configurated.
2020-02-16 20:51:40 INFO  Util:30 - Connection to database was established
2020-02-16 20:51:51 ERROR ToyUtil:25 - Price is invalid.
2020-02-16 20:51:52 INFO  InfoModalView:32 - Modal view was successfully loaded and configurated.
2020-02-16 20:52:02 INFO  CreateView:30 - Create view was successfully loaded and configurated.
2020-02-16 20:52:02 INFO  Util:30 - Connection to database was established
2020-02-16 21:00:07 INFO  Util:20 - Oracle database driver successfully loaded.
2020-02-16 21:00:09 INFO  Util:30 - Connection to database was established
2020-02-16 21:00:10 INFO  MainView:49 - Main view was successfully loaded and configurated.
2020-02-16 21:00:22 INFO  Toy:30 - Toy was successfully created.
2020-02-16 21:00:22 INFO  Util:30 - Connection to database was established
2020-02-16 21:00:25 INFO  InfoModalView:32 - Modal view was successfully loaded and configurated.
2020-02-16 21:00:36 INFO  Toy:30 - Toy was successfully created.
2020-02-16 21:00:36 INFO  Util:30 - Connection to database was established
2020-02-16 21:00:37 INFO  InfoModalView:32 - Modal view was successfully loaded and configurated.
2020-02-16 21:00:42 INFO  Toy:30 - Toy was successfully created.
2020-02-16 21:00:42 INFO  Util:30 - Connection to database was established
2020-02-16 21:00:43 INFO  InfoModalView:32 - Modal view was successfully loaded and configurated.
2020-02-16 21:00:45 INFO  Toy:30 - Toy was successfully created.
2020-02-16 21:00:45 INFO  Util:30 - Connection to database was established
2020-02-16 21:00:47 INFO  InfoModalView:32 - Modal view was successfully loaded and configurated.
2020-02-16 21:01:07 INFO  Toy:30 - Toy was successfully created.
2020-02-16 21:01:07 INFO  Util:30 - Connection to database was established
2020-02-16 21:01:09 INFO  InfoModalView:32 - Modal view was successfully loaded and configurated.
2020-02-16 21:01:11 INFO  CreateView:30 - Create view was successfully loaded and configurated.
2020-02-16 21:01:11 INFO  Util:30 - Connection to database was established
2020-02-16 21:03:06 INFO  Util:20 - Oracle database driver successfully loaded.
2020-02-16 21:03:08 INFO  Util:30 - Connection to database was established
2020-02-16 21:03:09 INFO  MainView:49 - Main view was successfully loaded and configurated.
2020-02-16 21:03:16 INFO  Toy:30 - Toy was successfully created.
2020-02-16 21:03:16 INFO  Util:30 - Connection to database was established
2020-02-16 21:03:28 INFO  InfoModalView:32 - Modal view was successfully loaded and configurated.
2020-02-16 21:03:33 INFO  Toy:30 - Toy was successfully created.
2020-02-16 21:03:33 INFO  Util:30 - Connection to database was established
2020-02-16 21:03:36 INFO  InfoModalView:32 - Modal view was successfully loaded and configurated.
2020-02-16 21:03:39 INFO  CreateView:30 - Create view was successfully loaded and configurated.
2020-02-16 21:03:39 INFO  Util:30 - Connection to database was established
2020-02-16 21:05:47 INFO  Util:20 - Oracle database driver successfully loaded.
2020-02-16 21:05:49 INFO  Util:30 - Connection to database was established
2020-02-16 21:05:50 INFO  MainView:49 - Main view was successfully loaded and configurated.
2020-02-16 21:06:03 INFO  Toy:30 - Toy was successfully created.
2020-02-16 21:06:03 INFO  Util:30 - Connection to database was established
2020-02-16 21:06:05 INFO  InfoModalView:32 - Modal view was successfully loaded and configurated.
2020-02-16 21:06:12 INFO  Toy:30 - Toy was successfully created.
2020-02-16 21:06:13 INFO  Util:30 - Connection to database was established
2020-02-16 21:06:14 INFO  InfoModalView:32 - Modal view was successfully loaded and configurated.
2020-02-16 21:06:15 INFO  CreateView:30 - Create view was successfully loaded and configurated.
2020-02-16 21:06:15 INFO  Util:30 - Connection to database was established
2020-02-16 21:06:39 INFO  Util:20 - Oracle database driver successfully loaded.
2020-02-16 21:06:41 INFO  Util:30 - Connection to database was established
2020-02-16 21:06:42 INFO  MainView:49 - Main view was successfully loaded and configurated.
2020-02-16 21:06:46 INFO  Toy:30 - Toy was successfully created.
2020-02-16 21:07:13 INFO  Util:30 - Connection to database was established
2020-02-16 21:07:34 INFO  Util:20 - Oracle database driver successfully loaded.
2020-02-16 21:07:36 INFO  Util:30 - Connection to database was established
2020-02-16 21:07:37 INFO  MainView:49 - Main view was successfully loaded and configurated.
2020-02-16 21:07:43 INFO  Toy:30 - Toy was successfully created.
2020-02-16 21:08:07 INFO  Util:30 - Connection to database was established
2020-02-16 21:11:00 INFO  Util:20 - Oracle database driver successfully loaded.
2020-02-16 21:11:02 INFO  Util:30 - Connection to database was established
2020-02-16 21:11:03 INFO  MainView:49 - Main view was successfully loaded and configurated.
2020-02-16 21:11:06 INFO  Toy:30 - Toy was successfully created.
2020-02-16 21:11:06 INFO  Util:30 - Connection to database was established
2020-02-16 21:11:07 INFO  InfoModalView:32 - Modal view was successfully loaded and configurated.
2020-02-16 21:11:08 INFO  CreateView:30 - Create view was successfully loaded and configurated.
2020-02-16 21:11:08 INFO  Util:30 - Connection to database was established
2020-02-16 21:13:37 INFO  Util:20 - Oracle database driver successfully loaded.
2020-02-16 21:13:39 INFO  Util:30 - Connection to database was established
2020-02-16 21:13:40 INFO  MainView:49 - Main view was successfully loaded and configurated.
2020-02-16 21:14:07 INFO  Toy:41 - Toy was successfully created.
2020-02-16 21:14:07 INFO  Util:30 - Connection to database was established
2020-02-16 21:14:07 INFO  Util:30 - Connection to database was established
2020-02-16 21:14:09 INFO  InfoModalView:32 - Modal view was successfully loaded and configurated.
2020-02-16 21:14:17 INFO  Toy:41 - Toy was successfully created.
2020-02-16 21:14:17 INFO  Util:30 - Connection to database was established
2020-02-16 21:14:18 INFO  Util:30 - Connection to database was established
2020-02-16 21:17:27 INFO  InfoModalView:32 - Modal view was successfully loaded and configurated.
2020-02-16 21:17:28 INFO  EditView:30 - Edit view was successfully loaded and configurated.
2020-02-16 21:17:28 INFO  Util:30 - Connection to database was established
2020-02-16 21:21:25 INFO  Util:20 - Oracle database driver successfully loaded.
2020-02-16 21:21:27 INFO  Util:30 - Connection to database was established
2020-02-16 21:21:28 INFO  MainView:49 - Main view was successfully loaded and configurated.
2020-02-16 21:21:50 INFO  Toy:41 - Toy was successfully created.
2020-02-16 21:21:50 INFO  Util:30 - Connection to database was established
2020-02-16 21:21:50 INFO  Util:30 - Connection to database was established
2020-02-16 21:21:57 INFO  InfoModalView:32 - Modal view was successfully loaded and configurated.
2020-02-16 21:22:12 INFO  Toy:41 - Toy was successfully created.
2020-02-16 21:22:12 INFO  Util:30 - Connection to database was established
2020-02-16 21:22:12 INFO  Util:30 - Connection to database was established
2020-02-16 21:22:19 INFO  InfoModalView:32 - Modal view was successfully loaded and configurated.
2020-02-16 21:22:22 INFO  EditView:30 - Edit view was successfully loaded and configurated.
2020-02-16 21:22:22 INFO  Util:30 - Connection to database was established
2020-02-16 21:25:26 INFO  Util:18 - Oracle database driver successfully loaded.
2020-02-16 21:25:27 INFO  Util:28 - Connection to database was established
2020-02-16 21:25:28 INFO  MainView:49 - Main view was successfully loaded and configurated.
2020-02-16 21:25:45 INFO  CreateView:30 - Create view was successfully loaded and configurated.
2020-02-16 21:25:45 INFO  Util:28 - Connection to database was established
2020-02-16 21:26:27 INFO  Toy:41 - Toy was successfully created.
2020-02-16 21:26:27 INFO  Util:28 - Connection to database was established
2020-02-16 21:26:27 INFO  Util:28 - Connection to database was established
2020-02-16 21:26:29 INFO  InfoModalView:32 - Modal view was successfully loaded and configurated.
2020-02-16 21:26:36 INFO  Toy:41 - Toy was successfully created.
2020-02-16 21:26:36 INFO  Util:28 - Connection to database was established
2020-02-16 21:26:36 INFO  Util:28 - Connection to database was established
2020-02-16 21:27:13 INFO  InfoModalView:32 - Modal view was successfully loaded and configurated.
2020-02-16 21:27:19 INFO  EditView:30 - Edit view was successfully loaded and configurated.
2020-02-16 21:27:19 INFO  Util:28 - Connection to database was established
2020-02-16 21:44:05 INFO  Util:18 - Oracle database driver successfully loaded.
2020-02-16 21:44:07 INFO  Util:28 - Connection to database was established
2020-02-16 21:44:08 INFO  MainView:49 - Main view was successfully loaded and configurated.
2020-02-16 21:44:25 INFO  Toy:41 - Toy was successfully created.
2020-02-16 21:44:25 INFO  Util:28 - Connection to database was established
2020-02-16 21:44:25 INFO  Util:28 - Connection to database was established
2020-02-16 21:44:27 INFO  InfoModalView:32 - Modal view was successfully loaded and configurated.
2020-02-16 21:44:29 INFO  EditView:30 - Edit view was successfully loaded and configurated.
2020-02-16 21:44:29 INFO  Util:28 - Connection to database was established
2020-02-16 21:45:00 INFO  Toy:41 - Toy was successfully created.
2020-02-16 21:45:00 INFO  Util:28 - Connection to database was established
2020-02-16 21:45:00 INFO  Util:28 - Connection to database was established
2020-02-16 21:45:01 INFO  InfoModalView:32 - Modal view was successfully loaded and configurated.
2020-02-16 21:45:03 INFO  EditView:30 - Edit view was successfully loaded and configurated.
2020-02-16 21:45:03 INFO  Util:28 - Connection to database was established
2020-02-16 21:45:21 INFO  Toy:41 - Toy was successfully created.
2020-02-16 21:45:21 INFO  Util:28 - Connection to database was established
2020-02-16 21:45:21 INFO  Util:28 - Connection to database was established
2020-02-16 21:45:22 INFO  InfoModalView:32 - Modal view was successfully loaded and configurated.
2020-02-16 21:45:23 INFO  Toy:41 - Toy was successfully created.
2020-02-16 21:45:23 INFO  Util:28 - Connection to database was established
2020-02-16 21:45:23 INFO  Util:28 - Connection to database was established
2020-02-16 21:45:24 INFO  InfoModalView:32 - Modal view was successfully loaded and configurated.
2020-02-16 21:45:25 INFO  Toy:41 - Toy was successfully created.
2020-02-16 21:45:25 INFO  Util:28 - Connection to database was established
2020-02-16 21:45:25 INFO  Util:28 - Connection to database was established
2020-02-16 21:45:26 INFO  InfoModalView:32 - Modal view was successfully loaded and configurated.
2020-02-16 21:45:27 INFO  Toy:41 - Toy was successfully created.
2020-02-16 21:45:27 INFO  Util:28 - Connection to database was established
2020-02-16 21:45:27 INFO  Util:28 - Connection to database was established
2020-02-16 21:45:28 INFO  InfoModalView:32 - Modal view was successfully loaded and configurated.
2020-02-16 21:45:29 INFO  Toy:41 - Toy was successfully created.
2020-02-16 21:45:29 INFO  Util:28 - Connection to database was established
2020-02-16 21:45:29 INFO  Util:28 - Connection to database was established
2020-02-16 21:45:30 INFO  InfoModalView:32 - Modal view was successfully loaded and configurated.
2020-02-16 21:45:31 INFO  Toy:41 - Toy was successfully created.
2020-02-16 21:45:31 INFO  Util:28 - Connection to database was established
2020-02-16 21:45:31 INFO  Util:28 - Connection to database was established
2020-02-16 21:45:32 INFO  InfoModalView:32 - Modal view was successfully loaded and configurated.
2020-02-16 21:45:34 INFO  Toy:41 - Toy was successfully created.
2020-02-16 21:45:34 INFO  Util:28 - Connection to database was established
2020-02-16 21:45:34 INFO  Util:28 - Connection to database was established
2020-02-16 21:45:35 INFO  InfoModalView:32 - Modal view was successfully loaded and configurated.
2020-02-16 21:45:37 INFO  Toy:41 - Toy was successfully created.
2020-02-16 21:45:37 INFO  Util:28 - Connection to database was established
2020-02-16 21:45:37 INFO  Util:28 - Connection to database was established
2020-02-16 21:45:38 INFO  InfoModalView:32 - Modal view was successfully loaded and configurated.
2020-02-16 21:45:39 INFO  EditView:30 - Edit view was successfully loaded and configurated.
2020-02-16 21:45:39 INFO  Util:28 - Connection to database was established
2020-02-16 21:46:10 INFO  Util:28 - Connection to database was established
2020-02-16 21:46:10 INFO  Util:28 - Connection to database was established
2020-02-16 21:46:10 INFO  InfoModalView:32 - Modal view was successfully loaded and configurated.
2020-02-16 21:46:27 INFO  Util:28 - Connection to database was established
2020-02-16 21:46:27 INFO  Util:28 - Connection to database was established
2020-02-16 21:46:29 INFO  InfoModalView:32 - Modal view was successfully loaded and configurated.
2020-02-16 21:46:44 INFO  DeleteView:30 - Delete view was successfully loaded and configurated.
2020-02-16 21:46:44 INFO  Util:28 - Connection to database was established
2020-02-16 21:50:00 INFO  Util:18 - Oracle database driver successfully loaded.
2020-02-16 21:50:02 INFO  Util:28 - Connection to database was established
2020-02-16 21:50:03 INFO  MainView:49 - Main view was successfully loaded and configurated.
2020-02-16 21:50:07 INFO  Util:28 - Connection to database was established
2020-02-16 21:50:07 ERROR ToyDAOImpl:49 - The toy with such id or name did not exist!(editing)
2020-02-16 21:50:10 INFO  InfoModalView:32 - Modal view was successfully loaded and configurated.
2020-02-16 21:50:20 INFO  Util:28 - Connection to database was established
2020-02-16 21:50:20 ERROR ToyDAOImpl:49 - The toy with such id or name did not exist!(editing)
2020-02-16 21:50:21 INFO  InfoModalView:32 - Modal view was successfully loaded and configurated.
2020-02-16 21:50:28 INFO  DeleteView:30 - Delete view was successfully loaded and configurated.
2020-02-16 21:50:29 INFO  Util:28 - Connection to database was established
2020-02-16 21:51:26 INFO  Util:18 - Oracle database driver successfully loaded.
2020-02-16 21:51:27 INFO  Util:28 - Connection to database was established
2020-02-16 21:51:28 INFO  MainView:49 - Main view was successfully loaded and configurated.
2020-02-16 21:51:32 INFO  Util:28 - Connection to database was established
2020-02-16 21:51:32 ERROR ToyDAOImpl:49 - The toy with such id IntegerProperty [value: -1] or name StringProperty [value: ] did not exist!(editing)
2020-02-16 21:51:43 INFO  InfoModalView:32 - Modal view was successfully loaded and configurated.
2020-02-16 21:51:48 INFO  Util:28 - Connection to database was established
2020-02-16 21:51:48 ERROR ToyDAOImpl:49 - The toy with such id IntegerProperty [value: -1] or name StringProperty [value: sdvs] did not exist!(editing)
2020-02-16 21:51:51 INFO  InfoModalView:32 - Modal view was successfully loaded and configurated.
2020-02-16 21:51:54 INFO  Util:28 - Connection to database was established
2020-02-16 21:51:54 ERROR ToyDAOImpl:49 - The toy with such id IntegerProperty [value: 234322] or name StringProperty [value: sdvs] did not exist!(editing)
2020-02-16 21:51:58 INFO  InfoModalView:32 - Modal view was successfully loaded and configurated.
2020-02-16 21:51:59 INFO  DeleteView:30 - Delete view was successfully loaded and configurated.
2020-02-16 21:51:59 INFO  Util:28 - Connection to database was established
2020-02-16 22:06:20 INFO  Util:18 - Oracle database driver successfully loaded.
2020-02-16 22:06:21 INFO  Util:28 - Connection to database was established
2020-02-16 22:06:22 INFO  ToyDAOImpl:160 - Toy list was got successfully.
2020-02-16 22:06:22 INFO  MainView:49 - Main view was successfully loaded and configurated.
2020-02-16 22:06:28 INFO  Toy:30 - Toy was successfully created.
2020-02-16 22:06:28 INFO  Util:28 - Connection to database was established
2020-02-16 22:06:28 INFO  ToyDAOImpl:31 - New toy was successfully added to database.
2020-02-16 22:06:30 INFO  InfoModalView:32 - Modal view was successfully loaded and configurated.
2020-02-16 22:06:30 INFO  CreateViewController:82 - Toy successfully added to database.
2020-02-16 22:06:35 INFO  Toy:30 - Toy was successfully created.
2020-02-16 22:06:35 INFO  Util:28 - Connection to database was established
2020-02-16 22:06:37 INFO  InfoModalView:32 - Modal view was successfully loaded and configurated.
2020-02-16 22:06:37 ERROR CreateViewController:86 - Error adding of new toy incorrect values Toy{id=null, name='StringProperty [value: grsrgsd]', price=FloatProperty [value: -1.0], amount=IntegerProperty [value: -1], startAge=IntegerProperty [value: -1], endAge=IntegerProperty [value: -1]} of toy properties or to with such name has already exists!ORA-00001: нарушено ограничение уникальности (SYSTEM.SYS_C0020275)

2020-02-16 22:06:38 INFO  CreateView:30 - Create view was successfully loaded and configurated.
2020-02-16 22:06:39 INFO  Util:28 - Connection to database was established
2020-02-16 22:06:39 INFO  ToyDAOImpl:160 - Toy list was got successfully.
2020-02-16 22:46:32 INFO  Util:18 - Oracle database driver successfully loaded.
2020-02-16 22:46:34 INFO  Util:28 - Connection to database was established
2020-02-16 22:46:34 INFO  ToyDAOImpl:160 - Toy list was got successfully.
2020-02-16 22:46:34 INFO  MainViewController:157 - Toys was got from database and successfully pushed to view table.
2020-02-16 22:46:35 INFO  MainView:49 - Main view was successfully loaded and configurated.
2020-02-17 00:52:57 INFO  Util:20 - Oracle database driver successfully loaded.
2020-02-17 00:53:00 INFO  Util:30 - Connection to database was established
2020-02-17 00:53:00 INFO  ToyDAOImpl:176 - Toy list was got successfully.
2020-02-17 00:53:00 INFO  MainViewController:168 - Toys was got from database and successfully pushed to view table.
2020-02-17 00:53:02 INFO  MainView:47 - Main view was successfully loaded and configurated.
2020-02-17 01:50:46 INFO  Util:20 - Oracle database driver successfully loaded.
2020-02-17 01:50:48 INFO  Util:30 - Connection to database was established
2020-02-17 01:50:49 INFO  ToyDAOImpl:176 - Toy list was got successfully.
2020-02-17 01:50:49 INFO  MainViewController:168 - Toys was got from database and successfully pushed to view table.
2020-02-17 01:50:49 INFO  MainView:47 - Main view was successfully loaded and configurated.
2020-02-17 01:51:28 INFO  DeleteView:34 - Delete view was successfully loaded and configurated.
2020-02-17 01:51:28 INFO  Util:30 - Connection to database was established
2020-02-17 01:51:28 INFO  ToyDAOImpl:176 - Toy list was got successfully.
2020-02-17 01:51:28 INFO  MainViewController:168 - Toys was got from database and successfully pushed to view table.
2020-02-17 01:51:37 INFO  DeleteView:34 - Delete view was successfully loaded and configurated.
2020-02-17 01:51:37 INFO  Util:30 - Connection to database was established
2020-02-17 01:51:37 INFO  ToyDAOImpl:176 - Toy list was got successfully.
2020-02-17 01:51:37 INFO  MainViewController:168 - Toys was got from database and successfully pushed to view table.
2020-02-17 01:53:10 INFO  Util:20 - Oracle database driver successfully loaded.
2020-02-17 01:53:11 INFO  Util:30 - Connection to database was established
2020-02-17 01:53:11 INFO  ToyDAOImpl:176 - Toy list was got successfully.
2020-02-17 01:53:11 INFO  MainViewController:168 - Toys was got from database and successfully pushed to view table.
2020-02-17 01:53:12 INFO  MainView:47 - Main view was successfully loaded and configurated.
2020-02-17 01:54:06 INFO  CreateView:34 - Create view was successfully loaded and configurated.
2020-02-17 01:54:06 INFO  Util:30 - Connection to database was established
2020-02-17 01:54:06 INFO  ToyDAOImpl:176 - Toy list was got successfully.
2020-02-17 01:54:06 INFO  MainViewController:168 - Toys was got from database and successfully pushed to view table.
2020-02-17 01:54:51 INFO  Util:20 - Oracle database driver successfully loaded.
2020-02-17 01:54:52 INFO  Util:30 - Connection to database was established
2020-02-17 01:54:52 INFO  ToyDAOImpl:176 - Toy list was got successfully.
2020-02-17 01:54:52 INFO  MainViewController:168 - Toys was got from database and successfully pushed to view table.
2020-02-17 01:54:53 INFO  MainView:47 - Main view was successfully loaded and configurated.
2020-02-17 01:54:56 INFO  CreateView:34 - Create view was successfully loaded and configurated.
2020-02-17 01:54:56 INFO  Util:30 - Connection to database was established
2020-02-17 01:54:56 INFO  ToyDAOImpl:176 - Toy list was got successfully.
2020-02-17 01:54:56 INFO  MainViewController:168 - Toys was got from database and successfully pushed to view table.
2020-02-17 01:55:23 INFO  Util:20 - Oracle database driver successfully loaded.
2020-02-17 01:55:24 INFO  Util:30 - Connection to database was established
2020-02-17 01:55:24 INFO  ToyDAOImpl:176 - Toy list was got successfully.
2020-02-17 01:55:24 INFO  MainViewController:168 - Toys was got from database and successfully pushed to view table.
2020-02-17 01:55:24 INFO  MainView:47 - Main view was successfully loaded and configurated.
2020-02-17 01:55:28 INFO  CreateView:34 - Create view was successfully loaded and configurated.
2020-02-17 01:55:28 INFO  Util:30 - Connection to database was established
2020-02-17 01:55:28 INFO  ToyDAOImpl:176 - Toy list was got successfully.
2020-02-17 01:55:28 INFO  MainViewController:168 - Toys was got from database and successfully pushed to view table.
2020-02-17 01:55:30 INFO  EditView:34 - Edit view was successfully loaded and configurated.
2020-02-17 01:55:30 INFO  Util:30 - Connection to database was established
2020-02-17 01:55:30 INFO  ToyDAOImpl:176 - Toy list was got successfully.
2020-02-17 01:55:30 INFO  MainViewController:168 - Toys was got from database and successfully pushed to view table.
2020-02-17 01:55:32 INFO  DeleteView:34 - Delete view was successfully loaded and configurated.
2020-02-17 01:55:32 INFO  Util:30 - Connection to database was established
2020-02-17 01:55:32 INFO  ToyDAOImpl:176 - Toy list was got successfully.
2020-02-17 01:55:32 INFO  MainViewController:168 - Toys was got from database and successfully pushed to view table.
2020-02-17 01:55:36 INFO  Util:30 - Connection to database was established
2020-02-17 01:55:36 INFO  ToyDAOImpl:176 - Toy list was got successfully.
2020-02-17 01:55:36 INFO  MainViewController:168 - Toys was got from database and successfully pushed to view table.
2020-02-17 01:55:38 INFO  Util:30 - Connection to database was established
2020-02-17 01:55:38 INFO  ToyDAOImpl:176 - Toy list was got successfully.
2020-02-17 01:55:38 INFO  MainViewController:168 - Toys was got from database and successfully pushed to view table.
2020-02-17 01:55:40 INFO  GetByAgeView:34 - View - "Get by age" was successfully loaded and configurated.
2020-02-17 01:55:40 INFO  Util:30 - Connection to database was established
2020-02-17 01:55:40 INFO  ToyDAOImpl:176 - Toy list was got successfully.
2020-02-17 01:55:40 INFO  MainViewController:135 - The most expansive toys were found.
2020-02-17 01:55:47 INFO  GetByAgeAndPriceView:33 - View - "Get by age and price" was successfully loaded and configurated.
2020-02-17 01:57:41 INFO  Util:20 - Oracle database driver successfully loaded.
2020-02-17 01:57:42 INFO  Util:30 - Connection to database was established
2020-02-17 01:57:42 INFO  ToyDAOImpl:176 - Toy list was got successfully.
2020-02-17 01:57:42 INFO  MainViewController:168 - Toys was got from database and successfully pushed to view table.
2020-02-17 01:57:42 INFO  MainView:47 - Main view was successfully loaded and configurated.
2020-02-17 09:15:56 INFO  Util:20 - Oracle database driver successfully loaded.
2020-02-17 09:15:57 INFO  Util:30 - Connection to database was established
2020-02-17 09:15:58 INFO  ToyDAOImpl:176 - Toy list was got successfully.
2020-02-17 09:15:58 INFO  MainViewController:168 - Toys was got from database and successfully pushed to view table.
2020-02-17 09:15:58 INFO  MainView:47 - Main view was successfully loaded and configurated.
2020-02-17 09:16:01 INFO  DeleteView:34 - Delete view was successfully loaded and configurated.
2020-02-17 09:16:02 INFO  Util:30 - Connection to database was established
2020-02-17 09:16:02 INFO  ToyDAOImpl:176 - Toy list was got successfully.
2020-02-17 09:16:02 INFO  MainViewController:168 - Toys was got from database and successfully pushed to view table.
2020-02-17 09:16:04 INFO  GetByAgeAndPriceView:33 - View - "Get by age and price" was successfully loaded and configurated.
2020-02-17 09:16:05 INFO  Util:30 - Connection to database was established
2020-02-17 09:16:05 INFO  ToyDAOImpl:176 - Toy list was got successfully.
2020-02-17 09:16:05 INFO  MainViewController:135 - The most expansive toys were found.
2020-02-17 09:16:07 INFO  GetByAgeView:34 - View - "Get by age" was successfully loaded and configurated.
2020-02-17 09:16:07 INFO  Util:30 - Connection to database was established
2020-02-17 09:16:07 INFO  ToyDAOImpl:176 - Toy list was got successfully.
2020-02-17 09:16:07 INFO  MainViewController:168 - Toys was got from database and successfully pushed to view table.
2020-02-17 09:16:09 INFO  DeleteView:34 - Delete view was successfully loaded and configurated.
2020-02-17 09:16:10 INFO  Util:30 - Connection to database was established
2020-02-17 09:16:10 INFO  ToyDAOImpl:176 - Toy list was got successfully.
2020-02-17 09:16:10 INFO  MainViewController:168 - Toys was got from database and successfully pushed to view table.
2020-02-17 09:16:11 INFO  EditView:34 - Edit view was successfully loaded and configurated.
2020-02-17 09:16:11 INFO  Util:30 - Connection to database was established
2020-02-17 09:16:11 INFO  ToyDAOImpl:176 - Toy list was got successfully.
2020-02-17 09:16:11 INFO  MainViewController:168 - Toys was got from database and successfully pushed to view table.
2020-02-17 09:16:12 INFO  Util:30 - Connection to database was established
2020-02-17 09:16:12 INFO  ToyDAOImpl:176 - Toy list was got successfully.
2020-02-17 09:16:12 INFO  MainViewController:135 - The most expansive toys were found.
2020-02-17 09:16:17 INFO  GetByAgeAndPriceView:33 - View - "Get by age and price" was successfully loaded and configurated.
2020-02-17 09:16:18 INFO  Util:30 - Connection to database was established
2020-02-17 09:16:18 INFO  ToyDAOImpl:176 - Toy list was got successfully.
2020-02-17 09:16:18 INFO  MainViewController:135 - The most expansive toys were found.
2020-02-17 09:16:21 INFO  GetByAgeView:34 - View - "Get by age" was successfully loaded and configurated.
2020-02-17 09:16:23 INFO  GetByAgeAndPriceView:33 - View - "Get by age and price" was successfully loaded and configurated.
2020-02-17 09:16:24 INFO  Util:30 - Connection to database was established
2020-02-17 09:16:24 INFO  ToyDAOImpl:176 - Toy list was got successfully.
2020-02-17 09:16:24 INFO  MainViewController:135 - The most expansive toys were found.
2020-02-17 09:16:26 INFO  GetByAgeAndPriceView:33 - View - "Get by age and price" was successfully loaded and configurated.
2020-02-17 09:16:28 INFO  Util:30 - Connection to database was established
2020-02-17 09:16:28 INFO  ToyDAOImpl:176 - Toy list was got successfully.
2020-02-17 09:16:28 INFO  MainViewController:168 - Toys was got from database and successfully pushed to view table.
2020-02-17 09:16:31 INFO  DeleteView:34 - Delete view was successfully loaded and configurated.
2020-02-17 09:16:31 INFO  Util:30 - Connection to database was established
2020-02-17 09:16:31 INFO  ToyDAOImpl:176 - Toy list was got successfully.
2020-02-17 09:16:31 INFO  MainViewController:168 - Toys was got from database and successfully pushed to view table.
2020-02-17 09:16:37 INFO  EditView:34 - Edit view was successfully loaded and configurated.
2020-02-17 09:16:37 INFO  Util:30 - Connection to database was established
2020-02-17 09:16:37 INFO  ToyDAOImpl:176 - Toy list was got successfully.
2020-02-17 09:16:37 INFO  MainViewController:168 - Toys was got from database and successfully pushed to view table.
2020-02-17 09:16:39 INFO  CreateView:34 - Create view was successfully loaded and configurated.
2020-02-17 09:16:39 INFO  Util:30 - Connection to database was established
2020-02-17 09:16:39 INFO  ToyDAOImpl:176 - Toy list was got successfully.
2020-02-17 09:16:39 INFO  MainViewController:168 - Toys was got from database and successfully pushed to view table.
2020-02-17 09:16:47 INFO  Util:30 - Connection to database was established
2020-02-17 09:16:47 INFO  ToyDAOImpl:176 - Toy list was got successfully.
2020-02-17 09:16:47 INFO  MainViewController:168 - Toys was got from database and successfully pushed to view table.
2020-02-17 09:16:53 INFO  GetByAgeAndPriceView:33 - View - "Get by age and price" was successfully loaded and configurated.
2020-02-17 09:16:59 INFO  CreateView:34 - Create view was successfully loaded and configurated.
2020-02-17 09:16:59 INFO  Util:30 - Connection to database was established
2020-02-17 09:16:59 INFO  ToyDAOImpl:176 - Toy list was got successfully.
2020-02-17 09:16:59 INFO  MainViewController:168 - Toys was got from database and successfully pushed to view table.
2020-02-17 09:17:09 INFO  EditView:34 - Edit view was successfully loaded and configurated.
2020-02-17 09:17:09 INFO  Util:30 - Connection to database was established
2020-02-17 09:17:09 INFO  ToyDAOImpl:176 - Toy list was got successfully.
2020-02-17 09:17:09 INFO  MainViewController:168 - Toys was got from database and successfully pushed to view table.
2020-02-17 09:17:12 INFO  DeleteView:34 - Delete view was successfully loaded and configurated.
2020-02-17 09:17:12 INFO  Util:30 - Connection to database was established
2020-02-17 09:17:12 INFO  ToyDAOImpl:176 - Toy list was got successfully.
2020-02-17 09:17:12 INFO  MainViewController:168 - Toys was got from database and successfully pushed to view table.
2020-02-17 09:17:13 INFO  Util:30 - Connection to database was established
2020-02-17 09:17:13 INFO  ToyDAOImpl:176 - Toy list was got successfully.
2020-02-17 09:17:13 INFO  MainViewController:168 - Toys was got from database and successfully pushed to view table.
2020-02-17 09:17:15 INFO  Util:30 - Connection to database was established
2020-02-17 09:17:15 INFO  ToyDAOImpl:176 - Toy list was got successfully.
2020-02-17 09:17:15 INFO  MainViewController:135 - The most expansive toys were found.
2020-02-17 09:26:04 INFO  Util:20 - Oracle database driver successfully loaded.
2020-02-17 09:26:05 INFO  Util:30 - Connection to database was established
2020-02-17 09:26:05 INFO  ToyDAOImpl:176 - Toy list was got successfully.
2020-02-17 09:26:05 INFO  MainViewController:168 - Toys was got from database and successfully pushed to view table.
2020-02-17 09:26:06 INFO  MainView:47 - Main view was successfully loaded and configurated.
2020-02-17 09:33:29 INFO  Util:20 - Oracle database driver successfully loaded.
2020-02-17 09:33:30 INFO  Util:30 - Connection to database was established
2020-02-17 09:33:30 INFO  ToyDAOImpl:176 - Toy list was got successfully.
2020-02-17 09:33:30 INFO  MainViewController:168 - Toys was got from database and successfully pushed to view table.
2020-02-17 09:33:30 INFO  MainView:47 - Main view was successfully loaded and configurated.
2020-02-17 10:02:02 INFO  Util:20 - Oracle database driver successfully loaded.
2020-02-17 10:02:04 INFO  Util:30 - Connection to database was established
2020-02-17 10:02:04 INFO  ToyDAOImpl:176 - Toy list was got successfully.
2020-02-17 10:02:04 INFO  MainViewController:168 - Toys was got from database and successfully pushed to view table.
2020-02-17 10:02:05 INFO  MainView:47 - Main view was successfully loaded and configurated.
2020-02-17 10:02:10 INFO  DeleteView:34 - Delete view was successfully loaded and configurated.
2020-02-17 10:02:10 INFO  Util:30 - Connection to database was established
2020-02-17 10:02:10 INFO  ToyDAOImpl:176 - Toy list was got successfully.
2020-02-17 10:02:10 INFO  MainViewController:168 - Toys was got from database and successfully pushed to view table.
2020-02-17 10:02:13 INFO  GetByAgeAndPriceView:33 - View - "Get by age and price" was successfully loaded and configurated.
2020-02-17 17:44:36 INFO  Util:20 - Oracle database driver successfully loaded.
2020-02-17 17:44:43 INFO  Util:20 - Oracle database driver successfully loaded.
2020-02-17 17:44:45 INFO  Util:30 - Connection to database was established
2020-02-17 17:44:45 INFO  ToyDAOImpl:176 - Toy list was got successfully.
2020-02-17 17:44:45 INFO  MainViewController:168 - Toys was got from database and successfully pushed to view table.
2020-02-17 17:44:46 INFO  MainView:47 - Main view was successfully loaded and configurated.
2020-02-17 17:45:41 INFO  Util:20 - Oracle database driver successfully loaded.
2020-02-17 17:45:42 INFO  Util:30 - Connection to database was established
2020-02-17 17:45:42 INFO  ToyDAOImpl:176 - Toy list was got successfully.
2020-02-17 17:45:42 INFO  MainViewController:168 - Toys was got from database and successfully pushed to view table.
2020-02-17 17:45:42 INFO  MainView:47 - Main view was successfully loaded and configurated.
2020-02-17 18:38:12 INFO  Util:20 - Oracle database driver successfully loaded.
2020-02-17 18:38:13 INFO  Util:30 - Connection to database was established
2020-02-17 18:38:13 INFO  ToyDAOImpl:176 - Toy list was got successfully.
2020-02-17 18:38:13 INFO  MainViewController:168 - Toys was got from database and successfully pushed to view table.
2020-02-17 18:38:14 INFO  MainView:47 - Main view was successfully loaded and configurated.
2020-02-17 18:38:20 INFO  InfoModalView:37 - Modal view was successfully loaded and configurated.
2020-02-17 18:38:20 ERROR DeleteViewController:85 - Error deleting of toy incorrect values of toy propertiesFor input string: "ykyhuk"
2020-02-17 18:38:23 INFO  DeleteView:34 - Delete view was successfully loaded and configurated.
2020-02-17 18:38:23 INFO  Util:30 - Connection to database was established
2020-02-17 18:38:23 INFO  ToyDAOImpl:176 - Toy list was got successfully.
2020-02-17 18:38:23 INFO  MainViewController:168 - Toys was got from database and successfully pushed to view table.
2020-02-17 18:39:41 INFO  Util:20 - Oracle database driver successfully loaded.
2020-02-17 18:39:42 INFO  Util:30 - Connection to database was established
2020-02-17 18:39:42 INFO  ToyDAOImpl:176 - Toy list was got successfully.
2020-02-17 18:39:42 INFO  MainViewController:168 - Toys was got from database and successfully pushed to view table.
2020-02-17 18:39:43 INFO  MainView:47 - Main view was successfully loaded and configurated.
2020-02-17 19:16:07 INFO  Util:20 - Oracle database driver successfully loaded.
2020-02-17 19:16:08 INFO  Util:30 - Connection to database was established
2020-02-17 19:16:08 INFO  ToyDAOImpl:176 - Toy list was got successfully.
2020-02-17 19:16:08 INFO  MainViewController:168 - Toys was got from database and successfully pushed to view table.
2020-02-17 19:16:09 INFO  MainView:47 - Main view was successfully loaded and configurated.
2020-02-17 19:16:27 INFO  Util:30 - Connection to database was established
2020-02-17 19:16:27 INFO  ToyDAOImpl:176 - Toy list was got successfully.
2020-02-17 19:16:27 INFO  GetByAgeAndPriceViewController:74 - List of toys was successfully got.
2020-02-17 19:16:27 INFO  GetByAgeAndPriceView:33 - View - "Get by age and price" was successfully loaded and configurated.
2020-02-17 19:16:36 INFO  Util:30 - Connection to database was established
2020-02-17 19:16:36 INFO  ToyDAOImpl:176 - Toy list was got successfully.
2020-02-17 19:16:36 INFO  MainViewController:168 - Toys was got from database and successfully pushed to view table.
2020-02-17 19:17:10 INFO  Util:30 - Connection to database was established
2020-02-17 19:17:10 INFO  ToyDAOImpl:176 - Toy list was got successfully.
2020-02-17 19:17:10 INFO  GetByAgeAndPriceViewController:74 - List of toys was successfully got.
2020-02-17 19:17:10 INFO  GetByAgeAndPriceView:33 - View - "Get by age and price" was successfully loaded and configurated.
2020-02-17 20:52:44 INFO  Util:20 - Oracle database driver successfully loaded.
2020-02-17 20:52:47 INFO  Util:30 - Connection to database was established
2020-02-17 20:52:47 INFO  ToyDAOImpl:176 - Toy list was got successfully.
2020-02-17 20:52:47 INFO  MainViewController:168 - Toys was got from database and successfully pushed to view table.
2020-02-17 20:52:48 INFO  MainView:47 - Main view was successfully loaded and configurated.
2020-02-18 22:50:02 INFO  Util:20 - Oracle database driver successfully loaded.
2020-02-18 22:50:04 INFO  Util:30 - Connection to database was established
2020-02-18 22:50:04 INFO  ToyDAOImpl:176 - Toy list was got successfully.
2020-02-18 22:50:04 INFO  MainViewController:168 - Toys was got from database and successfully pushed to view table.
2020-02-18 22:50:05 INFO  MainView:47 - Main view was successfully loaded and configurated.
2020-02-18 22:50:10 INFO  Toy:49 - Toy was successfully created.
2020-02-18 22:50:10 INFO  Util:30 - Connection to database was established
2020-02-18 22:50:11 INFO  InfoModalView:37 - Modal view was successfully loaded and configurated.
2020-02-18 22:50:11 ERROR CreateViewController:89 - Error adding of new toy incorrect values of toy properties Toy{id=null, name='StringProperty [value: ]', price=FloatProperty [value: -1.0], amount=IntegerProperty [value: -1], startAge=IntegerProperty [value: -1], endAge=IntegerProperty [value: -1]}/nor toy with such name has already exists!ORA-01400: невозможно вставить NULL в ("SYSTEM"."TOY"."T_NAME")

2020-02-18 22:50:16 INFO  Toy:49 - Toy was successfully created.
2020-02-18 22:50:17 INFO  Util:30 - Connection to database was established
2020-02-18 22:50:17 INFO  ToyDAOImpl:37 - New toy was successfully added to database.
2020-02-18 22:50:18 INFO  InfoModalView:37 - Modal view was successfully loaded and configurated.
2020-02-18 22:50:18 INFO  CreateViewController:85 - Toy successfully added to database.
2020-02-18 22:50:22 INFO  Toy:49 - Toy was successfully created.
2020-02-18 22:50:22 INFO  Util:30 - Connection to database was established
2020-02-18 22:50:23 INFO  InfoModalView:37 - Modal view was successfully loaded and configurated.
2020-02-18 22:50:23 ERROR CreateViewController:89 - Error adding of new toy incorrect values of toy properties Toy{id=null, name='StringProperty [value: 12ц]', price=FloatProperty [value: -1.0], amount=IntegerProperty [value: -1], startAge=IntegerProperty [value: -1], endAge=IntegerProperty [value: -1]}/nor toy with such name has already exists!ORA-00001: нарушено ограничение уникальности (SYSTEM.SYS_C0020275)

2020-02-18 22:50:31 INFO  InfoModalView:37 - Modal view was successfully loaded and configurated.
2020-02-18 22:51:10 INFO  CreateView:34 - Create view was successfully loaded and configurated.
2020-02-18 22:51:10 INFO  Util:30 - Connection to database was established
2020-02-18 22:51:10 INFO  ToyDAOImpl:176 - Toy list was got successfully.
2020-02-18 22:51:10 INFO  MainViewController:168 - Toys was got from database and successfully pushed to view table.
2020-02-18 22:52:22 INFO  Util:20 - Oracle database driver successfully loaded.
2020-02-18 22:52:23 INFO  Util:30 - Connection to database was established
2020-02-18 22:52:24 INFO  ToyDAOImpl:176 - Toy list was got successfully.
2020-02-18 22:52:24 INFO  MainViewController:168 - Toys was got from database and successfully pushed to view table.
2020-02-18 22:52:24 INFO  MainView:47 - Main view was successfully loaded and configurated.
2020-02-18 22:52:30 ERROR ToyUtil:41 - Price is invalid.
2020-02-18 22:52:31 INFO  InfoModalView:37 - Modal view was successfully loaded and configurated.
2020-02-18 22:52:31 ERROR CreateViewController:100 - Error adding of new toy incorrect values of toy is null incorrect price
2020-02-18 22:52:35 INFO  Toy:49 - Toy was successfully created.
2020-02-18 22:52:35 INFO  Util:30 - Connection to database was established
2020-02-18 22:52:35 INFO  ToyDAOImpl:37 - New toy was successfully added to database.
2020-02-18 22:52:35 INFO  InfoModalView:37 - Modal view was successfully loaded and configurated.
2020-02-18 22:52:35 INFO  CreateViewController:85 - Toy successfully added to database.
2020-02-18 22:52:38 ERROR ToyUtil:41 - Price is invalid.
2020-02-18 22:52:39 INFO  InfoModalView:37 - Modal view was successfully loaded and configurated.
2020-02-18 22:52:39 ERROR CreateViewController:100 - Error adding of new toy incorrect values of toy is null incorrect price
2020-02-18 22:52:43 INFO  InfoModalView:37 - Modal view was successfully loaded and configurated.
2020-02-18 22:52:43 ERROR CreateViewController:100 - Error adding of new toy incorrect values of toy is null For input string: "e12"
2020-02-18 22:52:46 ERROR ToyUtil:59 - Amount is invalid.
2020-02-18 22:52:47 INFO  InfoModalView:37 - Modal view was successfully loaded and configurated.
2020-02-18 22:52:47 ERROR CreateViewController:100 - Error adding of new toy incorrect values of toy is null incorrect amount
2020-02-18 22:52:48 ERROR ToyUtil:59 - Amount is invalid.
2020-02-18 22:52:49 INFO  InfoModalView:37 - Modal view was successfully loaded and configurated.
2020-02-18 22:52:49 ERROR CreateViewController:100 - Error adding of new toy incorrect values of toy is null incorrect amount
2020-02-18 22:52:51 INFO  Toy:49 - Toy was successfully created.
2020-02-18 22:52:52 INFO  Util:30 - Connection to database was established
2020-02-18 22:52:53 INFO  InfoModalView:37 - Modal view was successfully loaded and configurated.
2020-02-18 22:52:53 ERROR CreateViewController:89 - Error adding of new toy incorrect values of toy properties Toy{id=null, name='StringProperty [value: asd]', price=FloatProperty [value: 0.0], amount=IntegerProperty [value: 0], startAge=IntegerProperty [value: 0], endAge=IntegerProperty [value: 0]}/nor toy with such name has already exists!ORA-02290: нарушено ограничение целостности CHECK(SYSTEM.CONSTR_PRICE)

2020-02-18 22:52:55 INFO  Toy:49 - Toy was successfully created.
2020-02-18 22:52:55 INFO  Util:30 - Connection to database was established
2020-02-18 22:53:00 INFO  InfoModalView:37 - Modal view was successfully loaded and configurated.
2020-02-18 22:53:00 ERROR CreateViewController:89 - Error adding of new toy incorrect values of toy properties Toy{id=null, name='StringProperty [value: 12e1]', price=FloatProperty [value: 0.0], amount=IntegerProperty [value: 0], startAge=IntegerProperty [value: 0], endAge=IntegerProperty [value: 0]}/nor toy with such name has already exists!ORA-02290: нарушено ограничение целостности CHECK(SYSTEM.CONSTR_PRICE)

2020-02-18 22:53:03 INFO  Toy:49 - Toy was successfully created.
2020-02-18 22:53:03 INFO  Util:30 - Connection to database was established
2020-02-18 22:53:12 INFO  InfoModalView:37 - Modal view was successfully loaded and configurated.
2020-02-18 22:53:12 ERROR CreateViewController:89 - Error adding of new toy incorrect values of toy properties Toy{id=null, name='StringProperty [value: 12e11243]', price=FloatProperty [value: 0.0], amount=IntegerProperty [value: 0], startAge=IntegerProperty [value: 0], endAge=IntegerProperty [value: 0]}/nor toy with such name has already exists!ORA-02290: нарушено ограничение целостности CHECK(SYSTEM.CONSTR_PRICE)

2020-02-18 22:53:48 INFO  Toy:49 - Toy was successfully created.
2020-02-18 22:53:48 INFO  Util:30 - Connection to database was established
2020-02-18 22:53:48 INFO  ToyDAOImpl:37 - New toy was successfully added to database.
2020-02-18 22:53:49 INFO  InfoModalView:37 - Modal view was successfully loaded and configurated.
2020-02-18 22:53:49 INFO  CreateViewController:85 - Toy successfully added to database.
2020-02-18 22:53:54 INFO  Toy:49 - Toy was successfully created.
2020-02-18 22:53:54 INFO  Util:30 - Connection to database was established
2020-02-18 22:53:54 INFO  InfoModalView:37 - Modal view was successfully loaded and configurated.
2020-02-18 22:53:54 ERROR CreateViewController:89 - Error adding of new toy incorrect values of toy properties Toy{id=null, name='StringProperty [value: 12e11243]', price=FloatProperty [value: 12.0], amount=IntegerProperty [value: 0], startAge=IntegerProperty [value: 0], endAge=IntegerProperty [value: 3]}/nor toy with such name has already exists!ORA-00001: нарушено ограничение уникальности (SYSTEM.SYS_C0020275)

2020-02-18 22:53:56 INFO  Toy:49 - Toy was successfully created.
2020-02-18 22:53:56 INFO  Util:30 - Connection to database was established
2020-02-18 22:53:56 INFO  ToyDAOImpl:37 - New toy was successfully added to database.
2020-02-18 22:53:57 INFO  InfoModalView:37 - Modal view was successfully loaded and configurated.
2020-02-18 22:53:57 INFO  CreateViewController:85 - Toy successfully added to database.
2020-02-18 22:53:59 INFO  Toy:49 - Toy was successfully created.
2020-02-18 22:53:59 INFO  Util:30 - Connection to database was established
2020-02-18 22:54:00 INFO  InfoModalView:37 - Modal view was successfully loaded and configurated.
2020-02-18 22:54:00 ERROR CreateViewController:89 - Error adding of new toy incorrect values of toy properties Toy{id=null, name='StringProperty [value: 12e11243d1]', price=FloatProperty [value: 0.0], amount=IntegerProperty [value: 0], startAge=IntegerProperty [value: 0], endAge=IntegerProperty [value: 3]}/nor toy with such name has already exists!ORA-02290: нарушено ограничение целостности CHECK(SYSTEM.CONSTR_PRICE)

2020-02-18 22:54:02 INFO  Toy:49 - Toy was successfully created.
2020-02-18 22:54:02 INFO  Util:30 - Connection to database was established
2020-02-18 22:54:03 INFO  InfoModalView:37 - Modal view was successfully loaded and configurated.
2020-02-18 22:54:03 ERROR CreateViewController:89 - Error adding of new toy incorrect values of toy properties Toy{id=null, name='StringProperty [value: 12e11243d1]', price=FloatProperty [value: 1.0], amount=IntegerProperty [value: 0], startAge=IntegerProperty [value: 0], endAge=IntegerProperty [value: 3]}/nor toy with such name has already exists!ORA-00001: нарушено ограничение уникальности (SYSTEM.SYS_C0020275)

2020-02-18 22:54:04 INFO  Toy:49 - Toy was successfully created.
2020-02-18 22:54:04 INFO  Util:30 - Connection to database was established
2020-02-18 22:54:04 INFO  ToyDAOImpl:37 - New toy was successfully added to database.
2020-02-18 22:54:05 INFO  InfoModalView:37 - Modal view was successfully loaded and configurated.
2020-02-18 22:54:05 INFO  CreateViewController:85 - Toy successfully added to database.
2020-02-18 22:54:09 INFO  Toy:49 - Toy was successfully created.
2020-02-18 22:54:09 INFO  Util:30 - Connection to database was established
2020-02-18 22:54:10 INFO  InfoModalView:37 - Modal view was successfully loaded and configurated.
2020-02-18 22:54:10 ERROR CreateViewController:89 - Error adding of new toy incorrect values of toy properties Toy{id=null, name='StringProperty [value: ]', price=FloatProperty [value: -1.0], amount=IntegerProperty [value: -1], startAge=IntegerProperty [value: -1], endAge=IntegerProperty [value: -1]}/nor toy with such name has already exists!ORA-01400: невозможно вставить NULL в ("SYSTEM"."TOY"."T_NAME")

2020-02-18 22:54:16 INFO  InfoModalView:37 - Modal view was successfully loaded and configurated.
2020-02-18 22:54:16 ERROR CreateViewController:100 - Error adding of new toy incorrect values of toy is null For input string: "12e"
2020-02-18 22:54:18 INFO  InfoModalView:37 - Modal view was successfully loaded and configurated.
2020-02-18 22:54:18 ERROR CreateViewController:100 - Error adding of new toy incorrect values of toy is null For input string: "12e"
2020-02-18 22:54:24 INFO  Toy:49 - Toy was successfully created.
2020-02-18 22:54:24 INFO  Util:30 - Connection to database was established
2020-02-18 22:54:24 INFO  ToyDAOImpl:37 - New toy was successfully added to database.
2020-02-18 22:54:25 INFO  InfoModalView:37 - Modal view was successfully loaded and configurated.
2020-02-18 22:54:25 INFO  CreateViewController:85 - Toy successfully added to database.
2020-02-18 22:54:28 INFO  CreateView:34 - Create view was successfully loaded and configurated.
2020-02-18 22:54:28 INFO  Util:30 - Connection to database was established
2020-02-18 22:54:28 INFO  ToyDAOImpl:176 - Toy list was got successfully.
2020-02-18 22:54:28 INFO  MainViewController:168 - Toys was got from database and successfully pushed to view table.
2020-02-18 22:54:46 INFO  Toy:67 - Toy was successfully created.
2020-02-18 22:54:46 INFO  Util:30 - Connection to database was established
2020-02-18 22:54:46 INFO  ToyDAOImpl:176 - Toy list was got successfully.
2020-02-18 22:54:46 INFO  ToyDAOImpl:195 - Toy with id IntegerProperty [value: 1103] or name StringProperty [value: dad] was found
2020-02-18 22:54:46 INFO  Util:30 - Connection to database was established
2020-02-18 22:54:47 INFO  InfoModalView:37 - Modal view was successfully loaded and configurated.
2020-02-18 22:54:47 ERROR EditViewController:94 - Error editing of toy incorrect values of toy properties Toy{id=IntegerProperty [value: 1103], name='StringProperty [value: dad]', price=FloatProperty [value: 12.0], amount=IntegerProperty [value: 12], startAge=IntegerProperty [value: 31], endAge=IntegerProperty [value: 1]}/nor toy with such name ot id does not exist!ORA-02290: нарушено ограничение целостности CHECK(SYSTEM.CONSTR_AGE)

2020-02-18 22:54:50 INFO  Toy:67 - Toy was successfully created.
2020-02-18 22:54:50 INFO  Util:30 - Connection to database was established
2020-02-18 22:54:50 INFO  ToyDAOImpl:176 - Toy list was got successfully.
2020-02-18 22:54:50 INFO  ToyDAOImpl:195 - Toy with id IntegerProperty [value: 1103] or name StringProperty [value: dad] was found
2020-02-18 22:54:50 INFO  Util:30 - Connection to database was established
2020-02-18 22:54:50 INFO  ToyDAOImpl:73 - The toy was successfully edited in database.
2020-02-18 22:54:51 INFO  InfoModalView:37 - Modal view was successfully loaded and configurated.
2020-02-18 22:54:51 INFO  EditViewController:90 - Toy was successfully edited in database.
2020-02-18 22:54:57 INFO  Toy:67 - Toy was successfully created.
2020-02-18 22:54:57 INFO  Util:30 - Connection to database was established
2020-02-18 22:54:57 INFO  ToyDAOImpl:176 - Toy list was got successfully.
2020-02-18 22:54:57 INFO  ToyDAOImpl:195 - Toy with id IntegerProperty [value: 1103] or name StringProperty [value: ] was found
2020-02-18 22:54:57 INFO  Util:30 - Connection to database was established
2020-02-18 22:54:58 INFO  InfoModalView:37 - Modal view was successfully loaded and configurated.
2020-02-18 22:54:58 ERROR EditViewController:94 - Error editing of toy incorrect values of toy properties Toy{id=IntegerProperty [value: 1103], name='StringProperty [value: ]', price=FloatProperty [value: -1.0], amount=IntegerProperty [value: -1], startAge=IntegerProperty [value: -1], endAge=IntegerProperty [value: -1]}/nor toy with such name ot id does not exist!ORA-01407: невозможно заменить ("SYSTEM"."TOY"."T_NAME") на NULL

2020-02-18 22:55:00 INFO  Toy:67 - Toy was successfully created.
2020-02-18 22:55:00 INFO  Util:30 - Connection to database was established
2020-02-18 22:55:00 INFO  ToyDAOImpl:176 - Toy list was got successfully.
2020-02-18 22:55:00 INFO  ToyDAOImpl:195 - Toy with id IntegerProperty [value: 1103] or name StringProperty [value: gd] was found
2020-02-18 22:55:00 INFO  Util:30 - Connection to database was established
2020-02-18 22:55:00 INFO  ToyDAOImpl:73 - The toy was successfully edited in database.
2020-02-18 22:55:02 INFO  InfoModalView:37 - Modal view was successfully loaded and configurated.
2020-02-18 22:55:02 INFO  EditViewController:90 - Toy was successfully edited in database.
2020-02-18 22:55:06 ERROR ToyUtil:41 - Price is invalid.
2020-02-18 22:55:08 INFO  InfoModalView:37 - Modal view was successfully loaded and configurated.
2020-02-18 22:57:41 INFO  Util:20 - Oracle database driver successfully loaded.
2020-02-18 22:57:42 INFO  Util:30 - Connection to database was established
2020-02-18 22:57:42 INFO  ToyDAOImpl:176 - Toy list was got successfully.
2020-02-18 22:57:42 INFO  MainViewController:168 - Toys was got from database and successfully pushed to view table.
2020-02-18 22:57:43 INFO  MainView:47 - Main view was successfully loaded and configurated.
2020-02-18 22:57:59 INFO  Toy:67 - Toy was successfully created.
2020-02-18 22:57:59 INFO  Util:30 - Connection to database was established
2020-02-18 22:57:59 INFO  ToyDAOImpl:176 - Toy list was got successfully.
2020-02-18 22:57:59 INFO  ToyDAOImpl:195 - Toy with id IntegerProperty [value: 1112] or name StringProperty [value: qdw] was found
2020-02-18 22:57:59 INFO  Util:30 - Connection to database was established
2020-02-18 22:57:59 INFO  ToyDAOImpl:73 - The toy was successfully edited in database.
2020-02-18 22:58:00 INFO  InfoModalView:37 - Modal view was successfully loaded and configurated.
2020-02-18 22:58:00 INFO  EditViewController:90 - Toy was successfully edited in database.
2020-02-18 22:58:01 INFO  EditView:34 - Edit view was successfully loaded and configurated.
2020-02-18 22:58:01 INFO  Util:30 - Connection to database was established
2020-02-18 22:58:01 INFO  ToyDAOImpl:176 - Toy list was got successfully.
2020-02-18 22:58:01 INFO  MainViewController:168 - Toys was got from database and successfully pushed to view table.
2020-02-18 22:58:11 INFO  Util:30 - Connection to database was established
2020-02-18 22:58:11 INFO  ToyDAOImpl:176 - Toy list was got successfully.
2020-02-18 22:58:11 INFO  ToyDAOImpl:195 - Toy with id IntegerProperty [value: 1103] or name StringProperty [value: ] was found
2020-02-18 22:58:11 INFO  Util:30 - Connection to database was established
2020-02-18 22:58:11 INFO  ToyDAOImpl:53 - The toy was successfully deleted from database.
2020-02-18 22:58:12 INFO  InfoModalView:37 - Modal view was successfully loaded and configurated.
2020-02-18 22:58:12 INFO  DeleteViewController:72 - Toy successfully deleted from database.
2020-02-18 22:58:14 INFO  DeleteView:34 - Delete view was successfully loaded and configurated.
2020-02-18 22:58:14 INFO  Util:30 - Connection to database was established
2020-02-18 22:58:14 INFO  ToyDAOImpl:176 - Toy list was got successfully.
2020-02-18 22:58:14 INFO  MainViewController:168 - Toys was got from database and successfully pushed to view table.
2020-02-18 22:58:23 INFO  Util:30 - Connection to database was established
2020-02-18 22:58:23 INFO  ToyDAOImpl:176 - Toy list was got successfully.
2020-02-18 22:58:23 INFO  GetByAgeViewController:68 - List of toys was successfully got.
2020-02-18 22:58:23 INFO  GetByAgeView:34 - View - "Get by age" was successfully loaded and configurated.
2020-02-18 22:58:40 ERROR GetByAgeViewController:61 - Star age is > end age or (start age or end age is incorrect) startAge = -1 endAge = 20
2020-02-18 22:58:42 INFO  InfoModalView:37 - Modal view was successfully loaded and configurated.
2020-02-18 22:58:42 ERROR GetByAgeViewController:72 - Incorrect values of agenull
2020-02-18 22:58:48 INFO  Util:30 - Connection to database was established
2020-02-18 22:58:48 INFO  ToyDAOImpl:176 - Toy list was got successfully.
2020-02-18 22:58:48 INFO  GetByAgeViewController:68 - List of toys was successfully got.
2020-02-18 22:58:48 INFO  GetByAgeView:34 - View - "Get by age" was successfully loaded and configurated.
2020-02-18 22:58:55 INFO  Util:30 - Connection to database was established
2020-02-18 22:58:55 INFO  ToyDAOImpl:176 - Toy list was got successfully.
2020-02-18 22:58:55 INFO  MainViewController:135 - The most expansive toys were found.
2020-02-18 22:59:04 INFO  Util:30 - Connection to database was established
2020-02-18 22:59:04 INFO  ToyDAOImpl:176 - Toy list was got successfully.
2020-02-18 22:59:04 INFO  GetByAgeAndPriceViewController:74 - List of toys was successfully got.
2020-02-18 22:59:04 INFO  GetByAgeAndPriceView:33 - View - "Get by age and price" was successfully loaded and configurated.
2020-02-19 18:29:53 INFO  Util:20 - Oracle database driver successfully loaded.
2020-02-19 18:29:57 INFO  Util:30 - Connection to database was established
2020-02-19 18:29:58 INFO  ToyDAOImpl:177 - Toy list was got successfully.
2020-02-19 18:29:58 INFO  MainViewController:168 - Toys was got from database and successfully pushed to view table.
2020-02-19 18:29:59 INFO  MainView:47 - Main view was successfully loaded and configurated.
2020-02-19 18:30:07 INFO  Util:30 - Connection to database was established
2020-02-19 18:30:07 INFO  ToyDAOImpl:177 - Toy list was got successfully.
2020-02-19 18:30:07 INFO  MainViewController:135 - The most expansive toys were found.
2020-02-19 18:30:12 INFO  Util:30 - Connection to database was established
2020-02-19 18:30:12 INFO  ToyDAOImpl:177 - Toy list was got successfully.
2020-02-19 18:30:12 INFO  MainViewController:168 - Toys was got from database and successfully pushed to view table.
2020-02-19 18:30:13 INFO  GetByAgeView:34 - View - "Get by age" was successfully loaded and configurated.
2020-02-19 18:30:15 INFO  EditView:34 - Edit view was successfully loaded and configurated.
2020-02-19 18:30:15 INFO  Util:30 - Connection to database was established
2020-02-19 18:30:15 INFO  ToyDAOImpl:177 - Toy list was got successfully.
2020-02-19 18:30:15 INFO  MainViewController:168 - Toys was got from database and successfully pushed to view table.
2020-02-19 18:39:21 INFO  Util:20 - Oracle database driver successfully loaded.
2020-02-19 18:39:22 INFO  Util:30 - Connection to database was established
2020-02-19 18:39:22 INFO  ToyDAOImpl:177 - Toy list was got successfully.
2020-02-19 18:39:22 INFO  MainViewController:177 - Toys was got from database and successfully pushed to view table.
2020-02-19 18:39:22 INFO  MainView:47 - Main view was successfully loaded and configurated.
2020-02-19 18:40:05 INFO  Util:20 - Oracle database driver successfully loaded.
2020-02-19 18:40:06 INFO  Util:30 - Connection to database was established
2020-02-19 18:40:07 INFO  ToyDAOImpl:177 - Toy list was got successfully.
2020-02-19 18:40:07 INFO  MainViewController:178 - Toys was got from database and successfully pushed to view table.
2020-02-19 18:40:07 INFO  MainView:47 - Main view was successfully loaded and configurated.
2020-02-19 18:40:29 INFO  Util:20 - Oracle database driver successfully loaded.
2020-02-19 18:40:29 INFO  Util:30 - Connection to database was established
2020-02-19 18:40:30 INFO  ToyDAOImpl:177 - Toy list was got successfully.
2020-02-19 18:40:30 INFO  MainViewController:178 - Toys was got from database and successfully pushed to view table.
2020-02-19 18:40:30 INFO  MainView:47 - Main view was successfully loaded and configurated.
2020-02-19 18:41:39 INFO  Util:20 - Oracle database driver successfully loaded.
2020-02-19 18:41:40 INFO  Util:30 - Connection to database was established
2020-02-19 18:41:40 INFO  ToyDAOImpl:177 - Toy list was got successfully.
2020-02-19 18:41:40 INFO  MainViewController:179 - Toys was got from database and successfully pushed to view table.
2020-02-19 18:41:40 INFO  MainView:47 - Main view was successfully loaded and configurated.
2020-02-19 18:41:54 INFO  CreateView:34 - Create view was successfully loaded and configurated.
2020-02-19 18:41:54 INFO  Util:30 - Connection to database was established
2020-02-19 18:41:54 INFO  ToyDAOImpl:177 - Toy list was got successfully.
2020-02-19 18:41:54 INFO  MainViewController:179 - Toys was got from database and successfully pushed to view table.
2020-02-19 18:45:23 INFO  Util:20 - Oracle database driver successfully loaded.
2020-02-19 18:45:24 INFO  Util:30 - Connection to database was established
2020-02-19 18:45:24 INFO  ToyDAOImpl:177 - Toy list was got successfully.
2020-02-19 18:45:24 INFO  MainViewController:180 - Toys was got from database and successfully pushed to view table.
2020-02-19 18:45:24 INFO  MainView:47 - Main view was successfully loaded and configurated.
2020-02-19 18:45:31 INFO  Util:30 - Connection to database was established
2020-02-19 18:45:31 INFO  ToyDAOImpl:177 - Toy list was got successfully.
2020-02-19 18:45:31 INFO  MainViewController:136 - The most expansive toys were found.
2020-02-19 18:45:33 INFO  GetByAgeView:34 - View - "Get by age" was successfully loaded and configurated.
2020-02-19 18:49:09 ERROR MainView:49 - FXML file "mainView.fxml" did not find.
2020-02-19 18:49:31 ERROR MainView:49 - FXML file "mainView.fxml" did not find.
2020-02-19 18:49:53 ERROR MainView:49 - FXML file "mainView.fxml" did not find.
2020-02-19 18:50:14 ERROR MainView:49 - FXML file "mainView.fxml" did not find.
2020-02-19 18:50:30 ERROR MainView:49 - FXML file "mainView.fxml" did not find.
2020-02-19 18:51:10 ERROR MainView:49 - FXML file "mainView.fxml" did not find.
2020-02-19 18:52:30 ERROR MainView:49 - FXML file "mainView.fxml" did not find.
/K:/3-%d0%ba%d1%83%d1%80%d1%81%20%d0%9f%d0%b0%d1%80%d1%8b/java/odz/target/classes/mainView.fxml:23

2020-02-19 18:53:07 ERROR MainView:49 - FXML file "mainView.fxml" did not find.
/K:/3-%d0%ba%d1%83%d1%80%d1%81%20%d0%9f%d0%b0%d1%80%d1%8b/java/odz/target/classes/mainView.fxml:23

2020-02-19 18:54:40 INFO  Util:20 - Oracle database driver successfully loaded.
2020-02-19 18:54:41 INFO  Util:30 - Connection to database was established
2020-02-19 18:54:41 INFO  ToyDAOImpl:177 - Toy list was got successfully.
2020-02-19 18:54:41 INFO  MainViewController:180 - Toys was got from database and successfully pushed to view table.
2020-02-19 18:54:42 INFO  MainView:47 - Main view was successfully loaded and configurated.
2020-02-19 18:55:28 INFO  Util:20 - Oracle database driver successfully loaded.
2020-02-19 18:55:29 INFO  Util:30 - Connection to database was established
2020-02-19 18:55:29 INFO  ToyDAOImpl:177 - Toy list was got successfully.
2020-02-19 18:55:29 INFO  MainViewController:180 - Toys was got from database and successfully pushed to view table.
2020-02-19 18:55:30 INFO  MainView:47 - Main view was successfully loaded and configurated.
2020-02-19 19:03:41 INFO  Util:20 - Oracle database driver successfully loaded.
2020-02-19 19:03:42 INFO  Util:30 - Connection to database was established
2020-02-19 19:03:42 INFO  ToyDAOImpl:177 - Toy list was got successfully.
2020-02-19 19:03:42 INFO  MainViewController:182 - Toys was got from database and successfully pushed to view table.
2020-02-19 19:03:42 INFO  MainView:47 - Main view was successfully loaded and configurated.
2020-02-19 19:04:32 INFO  Util:20 - Oracle database driver successfully loaded.
2020-02-19 19:04:32 INFO  Util:30 - Connection to database was established
2020-02-19 19:04:33 INFO  ToyDAOImpl:177 - Toy list was got successfully.
2020-02-19 19:04:33 INFO  MainViewController:182 - Toys was got from database and successfully pushed to view table.
2020-02-19 19:04:33 INFO  MainView:47 - Main view was successfully loaded and configurated.
2020-02-19 19:06:43 INFO  Util:20 - Oracle database driver successfully loaded.
2020-02-19 19:06:44 INFO  Util:30 - Connection to database was established
2020-02-19 19:06:44 INFO  ToyDAOImpl:177 - Toy list was got successfully.
2020-02-19 19:06:44 INFO  MainViewController:182 - Toys was got from database and successfully pushed to view table.
2020-02-19 19:06:44 INFO  MainView:47 - Main view was successfully loaded and configurated.
2020-02-19 19:08:59 INFO  Util:20 - Oracle database driver successfully loaded.
2020-02-19 19:09:00 INFO  Util:30 - Connection to database was established
2020-02-19 19:09:00 INFO  ToyDAOImpl:177 - Toy list was got successfully.
2020-02-19 19:09:00 INFO  MainViewController:182 - Toys was got from database and successfully pushed to view table.
2020-02-19 19:09:00 INFO  MainView:47 - Main view was successfully loaded and configurated.
2020-02-19 19:09:18 INFO  Util:20 - Oracle database driver successfully loaded.
2020-02-19 19:09:19 INFO  Util:30 - Connection to database was established
2020-02-19 19:09:19 INFO  ToyDAOImpl:177 - Toy list was got successfully.
2020-02-19 19:09:19 INFO  MainViewController:182 - Toys was got from database and successfully pushed to view table.
2020-02-19 19:09:20 INFO  MainView:47 - Main view was successfully loaded and configurated.
2020-02-19 19:10:57 INFO  Util:20 - Oracle database driver successfully loaded.
2020-02-19 19:10:58 INFO  Util:30 - Connection to database was established
2020-02-19 19:10:58 INFO  ToyDAOImpl:177 - Toy list was got successfully.
2020-02-19 19:10:58 INFO  MainViewController:182 - Toys was got from database and successfully pushed to view table.
2020-02-19 19:10:59 INFO  MainView:47 - Main view was successfully loaded and configurated.
2020-02-19 19:18:31 INFO  Util:20 - Oracle database driver successfully loaded.
2020-02-19 19:18:32 INFO  Util:30 - Connection to database was established
2020-02-19 19:18:32 INFO  ToyDAOImpl:177 - Toy list was got successfully.
2020-02-19 19:18:32 INFO  MainViewController:182 - Toys was got from database and successfully pushed to view table.
2020-02-19 19:18:32 INFO  MainView:47 - Main view was successfully loaded and configurated.
2020-02-19 19:18:58 INFO  Util:20 - Oracle database driver successfully loaded.
2020-02-19 19:18:59 INFO  Util:30 - Connection to database was established
2020-02-19 19:18:59 INFO  ToyDAOImpl:177 - Toy list was got successfully.
2020-02-19 19:18:59 INFO  MainViewController:182 - Toys was got from database and successfully pushed to view table.
2020-02-19 19:18:59 INFO  MainView:47 - Main view was successfully loaded and configurated.
2020-02-19 19:30:23 INFO  Util:20 - Oracle database driver successfully loaded.
2020-02-19 19:30:24 INFO  Util:30 - Connection to database was established
2020-02-19 19:30:24 INFO  ToyDAOImpl:177 - Toy list was got successfully.
2020-02-19 19:30:24 INFO  MainViewController:182 - Toys was got from database and successfully pushed to view table.
2020-02-19 19:30:24 INFO  MainView:47 - Main view was successfully loaded and configurated.
2020-02-19 19:36:27 INFO  DeleteView:34 - Delete view was successfully loaded and configurated.
2020-02-19 19:36:27 INFO  Util:30 - Connection to database was established
2020-02-19 19:36:27 INFO  ToyDAOImpl:177 - Toy list was got successfully.
2020-02-19 19:36:27 INFO  MainViewController:182 - Toys was got from database and successfully pushed to view table.
2020-02-19 19:47:04 INFO  Util:20 - Oracle database driver successfully loaded.
2020-02-19 19:47:05 INFO  Util:30 - Connection to database was established
2020-02-19 19:47:05 INFO  ToyDAOImpl:177 - Toy list was got successfully.
2020-02-19 19:47:05 INFO  MainViewController:182 - Toys was got from database and successfully pushed to view table.
2020-02-19 19:47:05 INFO  MainView:47 - Main view was successfully loaded and configurated.
2020-02-19 19:47:13 INFO  Util:20 - Oracle database driver successfully loaded.
2020-02-19 19:47:14 INFO  Util:30 - Connection to database was established
2020-02-19 19:47:14 INFO  ToyDAOImpl:177 - Toy list was got successfully.
2020-02-19 19:47:14 INFO  MainViewController:182 - Toys was got from database and successfully pushed to view table.
2020-02-19 19:47:15 INFO  MainView:47 - Main view was successfully loaded and configurated.
2020-02-19 19:47:20 INFO  GetByAgeAndPriceView:33 - View - "Get by age and price" was successfully loaded and configurated.
2020-02-19 19:48:18 INFO  Util:20 - Oracle database driver successfully loaded.
2020-02-19 19:48:19 INFO  Util:30 - Connection to database was established
2020-02-19 19:48:19 INFO  ToyDAOImpl:177 - Toy list was got successfully.
2020-02-19 19:48:19 INFO  MainViewController:182 - Toys was got from database and successfully pushed to view table.
2020-02-19 19:48:19 INFO  MainView:47 - Main view was successfully loaded and configurated.
2020-02-19 19:52:13 INFO  Util:20 - Oracle database driver successfully loaded.
2020-02-19 19:52:14 INFO  Util:30 - Connection to database was established
2020-02-19 19:52:14 INFO  ToyDAOImpl:177 - Toy list was got successfully.
2020-02-19 19:52:14 INFO  MainViewController:182 - Toys was got from database and successfully pushed to view table.
2020-02-19 19:52:15 INFO  MainView:47 - Main view was successfully loaded and configurated.
